# JRE version: OpenJDK Runtime Environment Temurin-17.0.4+8 (17.0.4+8) (build 17.0.4+8)
# Java VM: OpenJDK 64-Bit Server VM Temurin-17.0.4+8 (17.0.4+8, mixed mode, tiered, compressed oops, compressed class ptrs, g1 gc, windows-amd64)
GC Precious Log:
 CPUs: 8 total, 8 available
 Memory: 16193M
 Large Page Support: Disabled
 NUMA Support: Disabled
 Compressed Oops: Enabled (Zero based)
 Heap Region Size: 2M
 Heap Min Capacity: 8M
 Heap Initial Capacity: 254M
 Heap Max Capacity: 4050M
 Pre-touch: Disabled
 Parallel Workers: 8
 Concurrent Workers: 2
 Concurrent Refinement Workers: 8
 Periodic GC: Disabled
Heap:
 garbage-first heap   total 75776K, used 40442K [0x0000000702e00000, 0x0000000800000000)
  region size 2048K, 7 young (14336K), 2 survivors (4096K)
 Metaspace       used 71902K, committed 72320K, reserved 1114112K
  class space    used 9655K, committed 9856K, reserved 1048576K
GC Heap History (20 events):
Event: 3.045 GC heap before
{Heap before GC invocations=9 (full 0):
 garbage-first heap   total 49152K, used 33355K [0x0000000702e00000, 0x0000000800000000)
  region size 2048K, 11 young (22528K), 2 survivors (4096K)
 Metaspace       used 35605K, committed 35968K, reserved 1081344K
  class space    used 4486K, committed 4672K, reserved 1048576K
}
Event: 3.049 GC heap after
{Heap after GC invocations=10 (full 0):
 garbage-first heap   total 49152K, used 17000K [0x0000000702e00000, 0x0000000800000000)
  region size 2048K, 2 young (4096K), 2 survivors (4096K)
 Metaspace       used 35605K, committed 35968K, reserved 1081344K
  class space    used 4486K, committed 4672K, reserved 1048576K
}
Event: 3.065 GC heap before
{Heap before GC invocations=10 (full 0):
 garbage-first heap   total 49152K, used 17000K [0x0000000702e00000, 0x0000000800000000)
  region size 2048K, 3 young (6144K), 2 survivors (4096K)
 Metaspace       used 35754K, committed 36096K, reserved 1081344K
  class space    used 4533K, committed 4736K, reserved 1048576K
}
Event: 3.069 GC heap after
{Heap after GC invocations=11 (full 0):
 garbage-first heap   total 155648K, used 17546K [0x0000000702e00000, 0x0000000800000000)
  region size 2048K, 1 young (2048K), 1 survivors (2048K)
 Metaspace       used 35754K, committed 36096K, reserved 1081344K
  class space    used 4533K, committed 4736K, reserved 1048576K
}
Event: 3.897 GC heap before
{Heap before GC invocations=12 (full 0):
 garbage-first heap   total 75776K, used 60554K [0x0000000702e00000, 0x0000000800000000)
  region size 2048K, 22 young (45056K), 1 survivors (2048K)
 Metaspace       used 43365K, committed 43712K, reserved 1089536K
  class space    used 5420K, committed 5568K, reserved 1048576K
}
Event: 3.900 GC heap after
{Heap after GC invocations=13 (full 0):
 garbage-first heap   total 75776K, used 20650K [0x0000000702e00000, 0x0000000800000000)
  region size 2048K, 2 young (4096K), 2 survivors (4096K)
 Metaspace       used 43365K, committed 43712K, reserved 1089536K
  class space    used 5420K, committed 5568K, reserved 1048576K
}
Event: 4.576 GC heap before
{Heap before GC invocations=13 (full 0):
 garbage-first heap   total 75776K, used 51370K [0x0000000702e00000, 0x0000000800000000)
  region size 2048K, 18 young (36864K), 2 survivors (4096K)
 Metaspace       used 50445K, committed 50816K, reserved 1097728K
  class space    used 6539K, committed 6720K, reserved 1048576K
}
Event: 4.580 GC heap after
{Heap after GC invocations=14 (full 0):
 garbage-first heap   total 75776K, used 22628K [0x0000000702e00000, 0x0000000800000000)
  region size 2048K, 2 young (4096K), 2 survivors (4096K)
 Metaspace       used 50445K, committed 50816K, reserved 1097728K
  class space    used 6539K, committed 6720K, reserved 1048576K
}
Event: 5.106 GC heap before
{Heap before GC invocations=14 (full 0):
 garbage-first heap   total 75776K, used 53348K [0x0000000702e00000, 0x0000000800000000)
  region size 2048K, 17 young (34816K), 2 survivors (4096K)
 Metaspace       used 58256K, committed 58624K, reserved 1105920K
  class space    used 7761K, committed 7936K, reserved 1048576K
}
Event: 5.109 GC heap after
{Heap after GC invocations=15 (full 0):
 garbage-first heap   total 75776K, used 23889K [0x0000000702e00000, 0x0000000800000000)
  region size 2048K, 2 young (4096K), 2 survivors (4096K)
 Metaspace       used 58256K, committed 58624K, reserved 1105920K
  class space    used 7761K, committed 7936K, reserved 1048576K
}
Event: 5.225 GC heap before
{Heap before GC invocations=15 (full 0):
 garbage-first heap   total 75776K, used 30033K [0x0000000702e00000, 0x0000000800000000)
  region size 2048K, 6 young (12288K), 2 survivors (4096K)
 Metaspace       used 59975K, committed 60288K, reserved 1105920K
  class space    used 8021K, committed 8192K, reserved 1048576K
}
Event: 5.227 GC heap after
{Heap after GC invocations=16 (full 0):
 garbage-first heap   total 75776K, used 24183K [0x0000000702e00000, 0x0000000800000000)
  region size 2048K, 1 young (2048K), 1 survivors (2048K)
 Metaspace       used 59975K, committed 60288K, reserved 1105920K
  class space    used 8021K, committed 8192K, reserved 1048576K
}
Event: 5.708 GC heap before
{Heap before GC invocations=17 (full 0):
 garbage-first heap   total 75776K, used 56951K [0x0000000702e00000, 0x0000000800000000)
  region size 2048K, 17 young (34816K), 1 survivors (2048K)
 Metaspace       used 63532K, committed 63936K, reserved 1105920K
  class space    used 8500K, committed 8704K, reserved 1048576K
}
Event: 5.712 GC heap after
{Heap after GC invocations=18 (full 0):
 garbage-first heap   total 75776K, used 26108K [0x0000000702e00000, 0x0000000800000000)
  region size 2048K, 2 young (4096K), 2 survivors (4096K)
 Metaspace       used 63532K, committed 63936K, reserved 1105920K
  class space    used 8500K, committed 8704K, reserved 1048576K
}
Event: 6.160 GC heap before
{Heap before GC invocations=18 (full 0):
 garbage-first heap   total 75776K, used 56828K [0x0000000702e00000, 0x0000000800000000)
  region size 2048K, 17 young (34816K), 2 survivors (4096K)
 Metaspace       used 66722K, committed 67136K, reserved 1114112K
  class space    used 8951K, committed 9152K, reserved 1048576K
}
Event: 6.163 GC heap after
{Heap after GC invocations=19 (full 0):
 garbage-first heap   total 75776K, used 28264K [0x0000000702e00000, 0x0000000800000000)
  region size 2048K, 3 young (6144K), 3 survivors (6144K)
 Metaspace       used 66722K, committed 67136K, reserved 1114112K
  class space    used 8951K, committed 9152K, reserved 1048576K
}
Event: 6.465 GC heap before
{Heap before GC invocations=19 (full 0):
 garbage-first heap   total 75776K, used 56936K [0x0000000702e00000, 0x0000000800000000)
  region size 2048K, 17 young (34816K), 3 survivors (6144K)
 Metaspace       used 68886K, committed 69312K, reserved 1114112K
  class space    used 9254K, committed 9472K, reserved 1048576K
}
Event: 6.469 GC heap after
{Heap after GC invocations=20 (full 0):
 garbage-first heap   total 75776K, used 30479K [0x0000000702e00000, 0x0000000800000000)
  region size 2048K, 3 young (6144K), 3 survivors (6144K)
 Metaspace       used 68886K, committed 69312K, reserved 1114112K
  class space    used 9254K, committed 9472K, reserved 1048576K
}
Event: 6.851 GC heap before
{Heap before GC invocations=20 (full 0):
 garbage-first heap   total 75776K, used 57103K [0x0000000702e00000, 0x0000000800000000)
  region size 2048K, 16 young (32768K), 3 survivors (6144K)
 Metaspace       used 70966K, committed 71424K, reserved 1114112K
  class space    used 9521K, committed 9728K, reserved 1048576K
}
Event: 6.856 GC heap after
{Heap after GC invocations=21 (full 0):
 garbage-first heap   total 75776K, used 32250K [0x0000000702e00000, 0x0000000800000000)
  region size 2048K, 2 young (4096K), 2 survivors (4096K)
 Metaspace       used 70966K, committed 71424K, reserved 1114112K
  class space    used 9521K, committed 9728K, reserved 1048576K
}

